<?xml version="1.0" encoding="UTF-8"?>
<TestRun id="c4a5fc04-2e2e-492f-821d-403c6b3ea4e9" name="lgrodriguez@JLUIS-PC 2012-01-24 18:23:52" runUser="TEAMPRO\lgrodriguez" xmlns="http://microsoft.com/schemas/VisualStudio/TeamTest/2010">
  <TestSettings name="Local" id="e54bb5c5-b0ee-4d9b-bd01-a43e3ea2e8ef">
    <Description>These are default test settings for a local test run.</Description>
    <Deployment enabled="false" runDeploymentRoot="lgrodriguez_JLUIS-PC 2012-01-24 18_23_52">
      <DeploymentItem filename="c:\users\lgrodriguez\documents\visual studio 2010\Projects\CodeKataFizzBuzz\CodeKataFizzBuzz\bin\Debug\CodeKataFizzBuzz.exe" />
    </Deployment>
    <Execution>
      <TestTypeSpecific />
      <AgentRule name="Execution Agents">
      </AgentRule>
    </Execution>
  </TestSettings>
  <Times creation="2012-01-24T18:23:52.0968638+01:00" queuing="2012-01-24T18:23:53.2529794+01:00" start="2012-01-24T18:23:53.3869928+01:00" finish="2012-01-24T18:24:13.3139853+01:00" />
  <ResultSummary outcome="Error">
    <Counters total="3" executed="1" error="0" failed="0" timeout="0" aborted="1" inconclusive="0" passedButRunAborted="0" notRunnable="0" notExecuted="2" disconnected="0" warning="0" passed="0" completed="0" inProgress="0" pending="0" />
    <RunInfos>
      <RunInfo computerName="JLUIS-PC" outcome="Error" timestamp="2012-01-24T18:24:13.3069846+01:00">
        <Text>Test host process exited unexpectedly.</Text>
      </RunInfo>
    </RunInfos>
  </ResultSummary>
  <TestDefinitions>
    <UnitTest name="ZeroNumber_PrintFizzBuzzTest" storage="c:\users\lgrodriguez\documents\visual studio 2010\projects\codekatafizzbuzz\codekatafizzbuzz_test\bin\debug\codekatafizzbuzz_test.dll" id="0801d06f-ae66-d25a-a2d3-8958e18a08c8">
      <Execution id="97dd763a-28e4-439d-a1ad-b64a89054928" />
      <TestMethod codeBase="c:/users/lgrodriguez/documents/visual studio 2010/Projects/CodeKataFizzBuzz/CodeKataFizzBuzz_Test/bin/Debug/CodeKataFizzBuzz_Test.DLL" adapterTypeName="Microsoft.VisualStudio.TestTools.TestTypes.Unit.UnitTestAdapter, Microsoft.VisualStudio.QualityTools.Tips.UnitTest.Adapter, Version=10.0.0.0, Culture=neutral, PublicKeyToken=b03f5f7f11d50a3a" className="CodeKataFizzBuzz_Test.NumberTest, CodeKataFizzBuzz_Test, Version=1.0.0.0, Culture=neutral, PublicKeyToken=null" name="ZeroNumber_PrintFizzBuzzTest" />
    </UnitTest>
    <UnitTest name="ThreeNumbers_PrintFizzBuzzTest" storage="c:\users\lgrodriguez\documents\visual studio 2010\projects\codekatafizzbuzz\codekatafizzbuzz_test\bin\debug\codekatafizzbuzz_test.dll" id="5280af30-12ca-5649-80cf-2007ca7d85a3">
      <Execution id="63d0d8dc-f041-4571-9bd4-6945ba4f1fa7" />
      <TestMethod codeBase="c:/users/lgrodriguez/documents/visual studio 2010/Projects/CodeKataFizzBuzz/CodeKataFizzBuzz_Test/bin/Debug/CodeKataFizzBuzz_Test.DLL" adapterTypeName="Microsoft.VisualStudio.TestTools.TestTypes.Unit.UnitTestAdapter, Microsoft.VisualStudio.QualityTools.Tips.UnitTest.Adapter, Version=10.0.0.0, Culture=neutral, PublicKeyToken=b03f5f7f11d50a3a" className="CodeKataFizzBuzz_Test.NumberTest, CodeKataFizzBuzz_Test, Version=1.0.0.0, Culture=neutral, PublicKeyToken=null" name="ThreeNumbers_PrintFizzBuzzTest" />
    </UnitTest>
    <UnitTest name="TwoNumbers_PrintFizzBuzzTest" storage="c:\users\lgrodriguez\documents\visual studio 2010\projects\codekatafizzbuzz\codekatafizzbuzz_test\bin\debug\codekatafizzbuzz_test.dll" id="ee077f22-12de-be45-b120-fc0356edf5fc">
      <Execution id="8b5c2da1-cae1-4e43-949e-cd3206c31fe7" />
      <TestMethod codeBase="c:/users/lgrodriguez/documents/visual studio 2010/Projects/CodeKataFizzBuzz/CodeKataFizzBuzz_Test/bin/Debug/CodeKataFizzBuzz_Test.DLL" adapterTypeName="Microsoft.VisualStudio.TestTools.TestTypes.Unit.UnitTestAdapter, Microsoft.VisualStudio.QualityTools.Tips.UnitTest.Adapter, Version=10.0.0.0, Culture=neutral, PublicKeyToken=b03f5f7f11d50a3a" className="CodeKataFizzBuzz_Test.NumberTest, CodeKataFizzBuzz_Test, Version=1.0.0.0, Culture=neutral, PublicKeyToken=null" name="TwoNumbers_PrintFizzBuzzTest" />
    </UnitTest>
  </TestDefinitions>
  <TestLists>
    <TestList name="Results Not in a List" id="8c84fa94-04c1-424b-9868-57a2d4851a1d" />
    <TestList name="All Loaded Results" id="19431567-8539-422a-85d7-44ee4e166bda" />
  </TestLists>
  <TestEntries>
    <TestEntry testId="0801d06f-ae66-d25a-a2d3-8958e18a08c8" executionId="97dd763a-28e4-439d-a1ad-b64a89054928" testListId="8c84fa94-04c1-424b-9868-57a2d4851a1d" />
    <TestEntry testId="5280af30-12ca-5649-80cf-2007ca7d85a3" executionId="63d0d8dc-f041-4571-9bd4-6945ba4f1fa7" testListId="8c84fa94-04c1-424b-9868-57a2d4851a1d" />
    <TestEntry testId="ee077f22-12de-be45-b120-fc0356edf5fc" executionId="8b5c2da1-cae1-4e43-949e-cd3206c31fe7" testListId="8c84fa94-04c1-424b-9868-57a2d4851a1d" />
  </TestEntries>
  <Results>
    <UnitTestResult executionId="97dd763a-28e4-439d-a1ad-b64a89054928" testId="0801d06f-ae66-d25a-a2d3-8958e18a08c8" testName="ZeroNumber_PrintFizzBuzzTest" computerName="JLUIS-PC" duration="00:00:19.8349833" startTime="2012-01-24T18:23:53.4750016+01:00" endTime="2012-01-24T18:24:13.3099849+01:00" testType="13cdc9d9-ddb5-4fa4-a97d-d965ccfc6d4b" outcome="Aborted" testListId="8c84fa94-04c1-424b-9868-57a2d4851a1d" relativeResultsDirectory="97dd763a-28e4-439d-a1ad-b64a89054928">
    </UnitTestResult>
    <UnitTestResult executionId="63d0d8dc-f041-4571-9bd4-6945ba4f1fa7" testId="5280af30-12ca-5649-80cf-2007ca7d85a3" testName="ThreeNumbers_PrintFizzBuzzTest" computerName="JLUIS-PC" testType="13cdc9d9-ddb5-4fa4-a97d-d965ccfc6d4b" outcome="NotExecuted" testListId="8c84fa94-04c1-424b-9868-57a2d4851a1d" relativeResultsDirectory="63d0d8dc-f041-4571-9bd4-6945ba4f1fa7">
    </UnitTestResult>
    <UnitTestResult executionId="8b5c2da1-cae1-4e43-949e-cd3206c31fe7" testId="ee077f22-12de-be45-b120-fc0356edf5fc" testName="TwoNumbers_PrintFizzBuzzTest" computerName="JLUIS-PC" testType="13cdc9d9-ddb5-4fa4-a97d-d965ccfc6d4b" outcome="NotExecuted" testListId="8c84fa94-04c1-424b-9868-57a2d4851a1d" relativeResultsDirectory="8b5c2da1-cae1-4e43-949e-cd3206c31fe7">
    </UnitTestResult>
  </Results>
</TestRun>