<?xml version="1.0" encoding="UTF-8"?>
<TestRun id="d11570b9-ab2e-4ebd-81fe-ffcc6ca00221" name="lgrodriguez@JLUIS-PC 2012-01-24 18:20:10" runUser="TEAMPRO\lgrodriguez" xmlns="http://microsoft.com/schemas/VisualStudio/TeamTest/2010">
  <TestSettings name="Local" id="e54bb5c5-b0ee-4d9b-bd01-a43e3ea2e8ef">
    <Description>These are default test settings for a local test run.</Description>
    <Deployment enabled="false" runDeploymentRoot="lgrodriguez_JLUIS-PC 2012-01-24 18_20_10">
      <DeploymentItem filename="c:\users\lgrodriguez\documents\visual studio 2010\Projects\CodeKataFizzBuzz\CodeKataFizzBuzz\bin\Debug\CodeKataFizzBuzz.exe" />
    </Deployment>
    <Execution>
      <TestTypeSpecific />
      <AgentRule name="Execution Agents">
      </AgentRule>
    </Execution>
  </TestSettings>
  <Times creation="2012-01-24T18:20:10.7877351+01:00" queuing="2012-01-24T18:20:11.9508514+01:00" start="2012-01-24T18:20:12.0488612+01:00" finish="2012-01-24T18:20:50.5657125+01:00" />
  <ResultSummary outcome="Error">
    <Counters total="1" executed="1" error="0" failed="0" timeout="0" aborted="1" inconclusive="0" passedButRunAborted="0" notRunnable="0" notExecuted="0" disconnected="0" warning="0" passed="0" completed="0" inProgress="0" pending="0" />
    <RunInfos>
      <RunInfo computerName="JLUIS-PC" outcome="Error" timestamp="2012-01-24T18:20:50.5607120+01:00">
        <Text>Test host process exited unexpectedly.</Text>
      </RunInfo>
    </RunInfos>
  </ResultSummary>
  <TestDefinitions>
    <UnitTest name="PrintFizzBuzzTest" storage="c:\users\lgrodriguez\documents\visual studio 2010\projects\codekatafizzbuzz\codekatafizzbuzz_test\bin\debug\codekatafizzbuzz_test.dll" id="f96b78c7-c68a-418d-84b7-e2cb549b29a6">
      <Execution id="d4feeb53-c9b0-4188-9bc6-4cb45a863f13" />
      <TestMethod codeBase="c:/users/lgrodriguez/documents/visual studio 2010/Projects/CodeKataFizzBuzz/CodeKataFizzBuzz_Test/bin/Debug/CodeKataFizzBuzz_Test.DLL" adapterTypeName="Microsoft.VisualStudio.TestTools.TestTypes.Unit.UnitTestAdapter, Microsoft.VisualStudio.QualityTools.Tips.UnitTest.Adapter, Version=10.0.0.0, Culture=neutral, PublicKeyToken=b03f5f7f11d50a3a" className="CodeKataFizzBuzz_Test.NumberTest, CodeKataFizzBuzz_Test, Version=1.0.0.0, Culture=neutral, PublicKeyToken=null" name="PrintFizzBuzzTest" />
    </UnitTest>
  </TestDefinitions>
  <TestLists>
    <TestList name="Results Not in a List" id="8c84fa94-04c1-424b-9868-57a2d4851a1d" />
    <TestList name="All Loaded Results" id="19431567-8539-422a-85d7-44ee4e166bda" />
  </TestLists>
  <TestEntries>
    <TestEntry testId="f96b78c7-c68a-418d-84b7-e2cb549b29a6" executionId="d4feeb53-c9b0-4188-9bc6-4cb45a863f13" testListId="8c84fa94-04c1-424b-9868-57a2d4851a1d" />
  </TestEntries>
  <Results>
    <UnitTestResult executionId="d4feeb53-c9b0-4188-9bc6-4cb45a863f13" testId="f96b78c7-c68a-418d-84b7-e2cb549b29a6" testName="PrintFizzBuzzTest" computerName="JLUIS-PC" duration="00:00:38.4598456" startTime="2012-01-24T18:20:12.1048668+01:00" endTime="2012-01-24T18:20:50.5647124+01:00" testType="13cdc9d9-ddb5-4fa4-a97d-d965ccfc6d4b" outcome="Aborted" testListId="8c84fa94-04c1-424b-9868-57a2d4851a1d" relativeResultsDirectory="d4feeb53-c9b0-4188-9bc6-4cb45a863f13">
    </UnitTestResult>
  </Results>
</TestRun>